<?xml version="1.0" encoding="UTF-8"?>
<!-- Generated by org.testng.reporters.JUnitXMLReporter -->
<testsuite ignored="0" hostname="Sachin" failures="0" tests="6" name="Default test" time="0.115" errors="0" timestamp="2022-12-31T09:29:38 IST">
  <testcase classname="org.testng.Priority" name="test1" time="0.014"/>
  <testcase classname="org.testng.Priority" name="test6" time="0.002"/>
  <testcase classname="org.testng.Priority" name="test2" time="0.001"/>
  <testcase classname="org.testng.Priority" name="test5" time="0.001"/>
  <testcase classname="org.testng.Priority" name="test3" time="0.002"/>
  <testcase classname="org.testng.Priority" name="test4" time="0.002"/>
</testsuite> <!-- Default test -->
